[debug] [2025-12-03T04:04:32.967Z] ----------------------------------------------------------------------
[debug] [2025-12-03T04:04:32.972Z] Command:       /home/anibal-garcia/.nvm/versions/node/v24.11.1/bin/node /home/anibal-garcia/.nvm/versions/node/v24.11.1/bin/firebase init storage
[debug] [2025-12-03T04:04:32.972Z] CLI Version:   14.26.0
[debug] [2025-12-03T04:04:32.972Z] Platform:      linux
[debug] [2025-12-03T04:04:32.973Z] Node Version:  v24.11.1
[debug] [2025-12-03T04:04:32.973Z] Time:          Tue Dec 02 2025 23:04:32 GMT-0500 (hora est치ndar de Colombia)
[debug] [2025-12-03T04:04:32.973Z] ----------------------------------------------------------------------
[debug] 
[info] 
     ######## #### ########  ######## ########     ###     ######  ########
     ##        ##  ##     ## ##       ##     ##  ##   ##  ##       ##
     ######    ##  ########  ######   ########  #########  ######  ######
     ##        ##  ##    ##  ##       ##     ## ##     ##       ## ##
     ##       #### ##     ## ######## ########  ##     ##  ######  ########

You're about to initialize a Firebase project in this directory:

  /home/anibal-garcia/Im치genes/sistema_gestion

[info] 
=== Project Setup
[info] 
[info] First, let's associate this project directory with a Firebase project.
[info] You can create multiple project aliases by running firebase use --add, 
[info] 
[debug] [2025-12-03T04:06:17.820Z] ExitPromptError: User force closed the prompt with SIGINT
    at Interface.sigint (/home/anibal-garcia/.nvm/versions/node/v24.11.1/lib/node_modules/firebase-tools/node_modules/@inquirer/core/dist/commonjs/lib/create-prompt.js:101:37)
    at Interface.emit (node:events:508:28)
    at Interface.emit (node:domain:489:12)
    at [_ttyWrite] [as _ttyWrite] (node:internal/readline/interface:1317:18)
    at ReadStream.onkeypress (node:internal/readline/interface:284:20)
    at ReadStream.emit (node:events:520:35)
    at ReadStream.emit (node:domain:489:12)
    at emitKeys (node:internal/readline/utils:371:14)
    at emitKeys.next (<anonymous>)
    at ReadStream.onData (node:internal/readline/emitKeypressEvents:64:36)
[error] 
[error] Error: An unexpected error has occurred.
[debug] [2025-12-03T04:06:27.008Z] ----------------------------------------------------------------------
[debug] [2025-12-03T04:06:27.012Z] Command:       /home/anibal-garcia/.nvm/versions/node/v24.11.1/bin/node /home/anibal-garcia/.nvm/versions/node/v24.11.1/bin/firebase init storage
[debug] [2025-12-03T04:06:27.013Z] CLI Version:   14.26.0
[debug] [2025-12-03T04:06:27.013Z] Platform:      linux
[debug] [2025-12-03T04:06:27.013Z] Node Version:  v24.11.1
[debug] [2025-12-03T04:06:27.014Z] Time:          Tue Dec 02 2025 23:06:27 GMT-0500 (hora est치ndar de Colombia)
[debug] [2025-12-03T04:06:27.014Z] ----------------------------------------------------------------------
[debug] 
[info] 
     ######## #### ########  ######## ########     ###     ######  ########
     ##        ##  ##     ## ##       ##     ##  ##   ##  ##       ##
     ######    ##  ########  ######   ########  #########  ######  ######
     ##        ##  ##    ##  ##       ##     ## ##     ##       ## ##
     ##       #### ##     ## ######## ########  ##     ##  ######  ########

You're about to initialize a Firebase project in this directory:

  /home/anibal-garcia/Im치genes/sistema_gestion

[info] 
=== Project Setup
[info] 
[info] First, let's associate this project directory with a Firebase project.
[info] You can create multiple project aliases by running firebase use --add, 
[info] 
[debug] [2025-12-03T04:06:33.959Z] > command requires scopes: ["email","openid","https://www.googleapis.com/auth/cloudplatformprojects.readonly","https://www.googleapis.com/auth/firebase","https://www.googleapis.com/auth/cloud-platform"]
[debug] [2025-12-03T04:06:33.960Z] > authorizing via signed-in user (srpapiani15@gmail.com)
[debug] [2025-12-03T04:06:33.963Z] Checked if tokens are valid: true, expires at: 1764737329549
[debug] [2025-12-03T04:06:33.964Z] Checked if tokens are valid: true, expires at: 1764737329549
[debug] [2025-12-03T04:06:33.966Z] >>> [apiv2][query] GET https://firebase.googleapis.com/v1beta1/projects pageSize=100
[debug] [2025-12-03T04:06:34.630Z] <<< [apiv2][status] GET https://firebase.googleapis.com/v1beta1/projects 200
[debug] [2025-12-03T04:06:34.630Z] <<< [apiv2][body] GET https://firebase.googleapis.com/v1beta1/projects [omitted]
[info] 
=== Storage Setup
[info] 
[info] Firebase Storage Security Rules allow you to define how and when to allow
[info] uploads and downloads. You can keep these rules in your project directory
[info] and publish them with firebase deploy.
[info] 
[debug] [2025-12-03T04:10:58.612Z] ExitPromptError: User force closed the prompt with SIGINT
    at Interface.sigint (/home/anibal-garcia/.nvm/versions/node/v24.11.1/lib/node_modules/firebase-tools/node_modules/@inquirer/core/dist/commonjs/lib/create-prompt.js:101:37)
    at Interface.emit (node:events:508:28)
    at Interface.emit (node:domain:489:12)
    at [_ttyWrite] [as _ttyWrite] (node:internal/readline/interface:1317:18)
    at ReadStream.onkeypress (node:internal/readline/interface:284:20)
    at ReadStream.emit (node:events:520:35)
    at ReadStream.emit (node:domain:489:12)
    at emitKeys (node:internal/readline/utils:371:14)
    at emitKeys.next (<anonymous>)
    at ReadStream.onData (node:internal/readline/emitKeypressEvents:64:36)
[error] 
[error] Error: An unexpected error has occurred.
